Log file open, 07/27/22 16:16:59
LogWindows: Failed to load 'aqProf.dll' (GetLastError=126)
LogWindows: File 'aqProf.dll' does not exist
LogWindows: Failed to load 'VtuneApi.dll' (GetLastError=126)
LogWindows: File 'VtuneApi.dll' does not exist
LogWindows: Failed to load 'VtuneApi32e.dll' (GetLastError=126)
LogWindows: File 'VtuneApi32e.dll' does not exist
LogInit: Display: Running engine for game: ArenaBattle
LogPlatformFile: Not using cached read wrapper
LogInit: Display: RandInit(1499977832) SRandInit(1499977832).
LogInit: Read version file with build ID '3944462'
LogInit: Overriding engine version to CL 4033788, compatible CL 3944462
LogInit: Registered custom module enumerator with build ID '3944462'
LogTaskGraph: Started task graph with 5 named threads and 47 total threads with 3 sets of task threads.
LogStats: Stats thread started at 0.717773
LogD3D11RHI: Aftermath initialized
LogICUInternationalization: Display: ICU TimeZone Detection - Raw Offset: +9:00, Platform Override: ''
LogPluginManager: Mounting plugin Paper2D
LogPluginManager: Mounting plugin LiveLink
LogPluginManager: Mounting plugin LightPropagationVolume
LogPluginManager: Mounting plugin CLionSourceCodeAccess
LogPluginManager: Mounting plugin CodeLiteSourceCodeAccess
LogPluginManager: Mounting plugin GitSourceControl
LogPluginManager: Mounting plugin KDevelopSourceCodeAccess
LogPluginManager: Mounting plugin NullSourceCodeAccess
LogPluginManager: Mounting plugin PerforceSourceControl
LogPluginManager: Mounting plugin SubversionSourceControl
LogPluginManager: Mounting plugin UObjectPlugin
LogPluginManager: Mounting plugin VisualStudioCodeSourceCodeAccess
LogPluginManager: Mounting plugin VisualStudioSourceCodeAccess
LogPluginManager: Mounting plugin XCodeSourceCodeAccess
LogPluginManager: Mounting plugin AssetManagerEditor
LogPluginManager: Mounting plugin CryptoKeys
LogPluginManager: Mounting plugin DataValidation
LogPluginManager: Mounting plugin FacialAnimation
LogPluginManager: Mounting plugin GameplayTagsEditor
LogPluginManager: Mounting plugin MobileLauncherProfileWizard
LogPluginManager: Mounting plugin PluginBrowser
LogPluginManager: Mounting plugin SpeedTreeImporter
LogPluginManager: Mounting plugin DatasmithContent
LogPluginManager: Mounting plugin AlembicImporter
LogPluginManager: Mounting plugin CharacterAI
LogPluginManager: Mounting plugin HTML5Networking
LogPluginManager: Mounting plugin AndroidMedia
LogPluginManager: Mounting plugin AvfMedia
LogPluginManager: Mounting plugin ImgMedia
LogPluginManager: Mounting plugin LinearTimecode
LogPluginManager: Mounting plugin MediaCompositing
LogPluginManager: Mounting plugin MediaPlayerEditor
LogPluginManager: Mounting plugin WmfMedia
LogPluginManager: Mounting plugin TcpMessaging
LogPluginManager: Mounting plugin UdpMessaging
LogPluginManager: Mounting plugin ActorSequence
LogPluginManager: Mounting plugin LevelSequenceEditor
LogPluginManager: Mounting plugin MatineeToLevelSequence
LogPluginManager: Mounting plugin NetcodeUnitTest
LogPluginManager: Mounting plugin NUTUnrealEngine4
LogPluginManager: Mounting plugin OnlineSubsystemGooglePlay
LogPluginManager: Mounting plugin OnlineSubsystemIOS
LogPluginManager: Mounting plugin OnlineSubsystem
LogPluginManager: Mounting plugin OnlineSubsystemNull
LogPluginManager: Mounting plugin OnlineSubsystemUtils
LogPluginManager: Mounting plugin AndroidDeviceProfileSelector
LogPluginManager: Mounting plugin AndroidMoviePlayer
LogPluginManager: Mounting plugin AndroidPermission
LogPluginManager: Mounting plugin AppleARKit
LogPluginManager: Mounting plugin AppleMoviePlayer
LogPluginManager: Mounting plugin ArchVisCharacter
LogPluginManager: Mounting plugin AudioCapture
LogPluginManager: Mounting plugin CableComponent
LogPluginManager: Mounting plugin CustomMeshComponent
LogPluginManager: Mounting plugin ExampleDeviceProfileSelector
LogPluginManager: Mounting plugin GoogleCloudMessaging
LogPluginManager: Mounting plugin ImmediatePhysics
LogPluginManager: Mounting plugin IOSDeviceProfileSelector
LogPluginManager: Mounting plugin LinuxDeviceProfileSelector
LogPluginManager: Mounting plugin LocationServicesBPLibrary
LogPluginManager: Mounting plugin MobilePatchingUtils
LogPluginManager: Mounting plugin OculusVR
LogPluginManager: Plugin shader directory ../../../Engine/Plugins/Runtime/Oculus/OculusVR/Shaders found
LogPluginManager: Mapping shader source directory ../../../Engine/Plugins/Runtime/Oculus/OculusVR/Shaders to virtual directory /Plugin/OculusVR
LogPluginManager: Mounting plugin PhysXVehicles
LogPluginManager: Mounting plugin ProceduralMeshComponent
LogPluginManager: Mounting plugin RuntimePhysXCooking
LogPluginManager: Mounting plugin SteamVR
LogPluginManager: Mounting plugin WindowsMoviePlayer
LogStreaming: Display: Took  0.152s to configure plugins.
LogModuleManager: Display: Found up-to-date module file ../../../../../../Users/ksol9/Documents/Unreal Projects/ArenaBattle/Binaries/Win64/UE4Editor-ArenaBattle-7674.dll (API version 3944462).
LogModuleManager: Display: Found up-to-date module file ../../../Engine/Plugins/2D/Paper2D/Binaries/Win64/UE4Editor-Paper2D.dll (API version 3944462).
LogModuleManager: Display: Found up-to-date module file ../../../Engine/Plugins/2D/Paper2D/Binaries/Win64/UE4Editor-Paper2DEditor.dll (API version 3944462).
LogModuleManager: Display: Found up-to-date module file ../../../Engine/Plugins/2D/Paper2D/Binaries/Win64/UE4Editor-PaperSpriteSheetImporter.dll (API version 3944462).
LogModuleManager: Display: Found up-to-date module file ../../../Engine/Plugins/2D/Paper2D/Binaries/Win64/UE4Editor-PaperTiledImporter.dll (API version 3944462).
LogModuleManager: Display: Found up-to-date module file ../../../Engine/Plugins/2D/Paper2D/Binaries/Win64/UE4Editor-SmartSnapping.dll (API version 3944462).
LogModuleManager: Display: Found up-to-date module file ../../../Engine/Plugins/Animation/LiveLink/Binaries/Win64/UE4Editor-LiveLink.dll (API version 3944462).
LogModuleManager: Display: Found up-to-date module file ../../../Engine/Plugins/Animation/LiveLink/Binaries/Win64/UE4Editor-LiveLinkEditor.dll (API version 3944462).
LogModuleManager: Display: Found up-to-date module file ../../../Engine/Plugins/Blendables/LightPropagationVolume/Binaries/Win64/UE4Editor-LightPropagationVolumeRuntime.dll (API version 3944462).
LogModuleManager: Display: Found up-to-date module file ../../../Engine/Plugins/Blendables/LightPropagationVolume/Binaries/Win64/UE4Editor-LightPropagationVolumeEditor.dll (API version 3944462).
LogModuleManager: Display: Found up-to-date module file ../../../Engine/Plugins/Developer/CLionSourceCodeAccess/Binaries/Win64/UE4Editor-CLionSourceCodeAccess.dll (API version 3944462).
LogModuleManager: Display: Found up-to-date module file ../../../Engine/Plugins/Developer/GitSourceControl/Binaries/Win64/UE4Editor-GitSourceControl.dll (API version 3944462).
LogModuleManager: Display: Found up-to-date module file ../../../Engine/Plugins/Developer/PerforceSourceControl/Binaries/Win64/UE4Editor-PerforceSourceControl.dll (API version 3944462).
LogModuleManager: Display: Found up-to-date module file ../../../Engine/Plugins/Developer/SubversionSourceControl/Binaries/Win64/UE4Editor-SubversionSourceControl.dll (API version 3944462).
LogModuleManager: Display: Found up-to-date module file ../../../Engine/Plugins/Developer/UObjectPlugin/Binaries/Win64/UE4Editor-UObjectPlugin.dll (API version 3944462).
LogModuleManager: Display: Found up-to-date module file ../../../Engine/Plugins/Developer/VisualStudioCodeSourceCodeAccess/Binaries/Win64/UE4Editor-VisualStudioCodeSourceCodeAccess.dll (API version 3944462).
LogModuleManager: Display: Found up-to-date module file ../../../Engine/Plugins/Developer/VisualStudioSourceCodeAccess/Binaries/Win64/UE4Editor-VisualStudioSourceCodeAccess.dll (API version 3944462).
LogModuleManager: Display: Found up-to-date module file ../../../Engine/Plugins/Editor/AssetManagerEditor/Binaries/Win64/UE4Editor-AssetManagerEditor.dll (API version 3944462).
LogModuleManager: Display: Found up-to-date module file ../../../Engine/Plugins/Editor/CryptoKeys/Binaries/Win64/UE4Editor-CryptoKeys.dll (API version 3944462).
LogModuleManager: Display: Found up-to-date module file ../../../Engine/Plugins/Editor/CryptoKeys/Binaries/Win64/UE4Editor-CryptoKeysOpenSSL.dll (API version 3944462).
LogModuleManager: Display: Found up-to-date module file ../../../Engine/Plugins/Editor/DataValidation/Binaries/Win64/UE4Editor-DataValidation.dll (API version 3944462).
LogModuleManager: Display: Found up-to-date module file ../../../Engine/Plugins/Editor/FacialAnimation/Binaries/Win64/UE4Editor-FacialAnimation.dll (API version 3944462).
LogModuleManager: Display: Found up-to-date module file ../../../Engine/Plugins/Editor/FacialAnimation/Binaries/Win64/UE4Editor-FacialAnimationEditor.dll (API version 3944462).
LogModuleManager: Display: Found up-to-date module file ../../../Engine/Plugins/Editor/GameplayTagsEditor/Binaries/Win64/UE4Editor-GameplayTagsEditor.dll (API version 3944462).
LogModuleManager: Display: Found up-to-date module file ../../../Engine/Plugins/Editor/MobileLauncherProfileWizard/Binaries/Win64/UE4Editor-MobileLauncherProfileWizard.dll (API version 3944462).
LogModuleManager: Display: Found up-to-date module file ../../../Engine/Plugins/Editor/PluginBrowser/Binaries/Win64/UE4Editor-PluginBrowser.dll (API version 3944462).
LogModuleManager: Display: Found up-to-date module file ../../../Engine/Plugins/Editor/SpeedTreeImporter/Binaries/Win64/UE4Editor-SpeedTreeImporter.dll (API version 3944462).
LogModuleManager: Display: Found up-to-date module file ../../../Engine/Plugins/Enterprise/DatasmithContent/Binaries/Win64/UE4Editor-DatasmithContent.dll (API version 3944462).
LogModuleManager: Display: Found up-to-date module file ../../../Engine/Plugins/Experimental/AlembicImporter/Binaries/Win64/UE4Editor-AlembicImporter.dll (API version 3944462).
LogModuleManager: Display: Found up-to-date module file ../../../Engine/Plugins/Experimental/AlembicImporter/Binaries/Win64/UE4Editor-AlembicLibrary.dll (API version 3944462).
LogModuleManager: Display: Found up-to-date module file ../../../Engine/Plugins/Experimental/CharacterAI/Binaries/Win64/UE4Editor-CharacterAI.dll (API version 3944462).
LogModuleManager: Display: Found up-to-date module file ../../../Engine/Plugins/Experimental/HTML5Networking/Binaries/Win64/UE4Editor-HTML5Networking.dll (API version 3944462).
LogModuleManager: Display: Found up-to-date module file ../../../Engine/Plugins/Media/AndroidMedia/Binaries/Win64/UE4Editor-AndroidMediaEditor.dll (API version 3944462).
LogModuleManager: Display: Found up-to-date module file ../../../Engine/Plugins/Media/AndroidMedia/Binaries/Win64/UE4Editor-AndroidMediaFactory.dll (API version 3944462).
LogModuleManager: Display: Found up-to-date module file ../../../Engine/Plugins/Media/AvfMedia/Binaries/Win64/UE4Editor-AvfMediaEditor.dll (API version 3944462).
LogModuleManager: Display: Found up-to-date module file ../../../Engine/Plugins/Media/AvfMedia/Binaries/Win64/UE4Editor-AvfMediaFactory.dll (API version 3944462).
LogModuleManager: Display: Found up-to-date module file ../../../Engine/Plugins/Media/AvfMedia/Binaries/Win64/UE4Editor-AvfMediaFactory.dll (API version 3944462).
LogModuleManager: Display: Found up-to-date module file ../../../Engine/Plugins/Media/ImgMedia/Binaries/Win64/UE4Editor-ImgMedia.dll (API version 3944462).
LogModuleManager: Display: Found up-to-date module file ../../../Engine/Plugins/Media/ImgMedia/Binaries/Win64/UE4Editor-ImgMediaEditor.dll (API version 3944462).
LogModuleManager: Display: Found up-to-date module file ../../../Engine/Plugins/Media/ImgMedia/Binaries/Win64/UE4Editor-ImgMediaFactory.dll (API version 3944462).
LogModuleManager: Display: Found up-to-date module file ../../../Engine/Plugins/Media/ImgMedia/Binaries/Win64/UE4Editor-ImgMediaFactory.dll (API version 3944462).
LogModuleManager: Display: Found up-to-date module file ../../../Engine/Plugins/Media/ImgMedia/Binaries/Win64/UE4Editor-OpenExrWrapper.dll (API version 3944462).
LogModuleManager: Display: Found up-to-date module file ../../../Engine/Plugins/Media/LinearTimecode/Binaries/Win64/UE4Editor-LinearTimecode.dll (API version 3944462).
LogModuleManager: Display: Found up-to-date module file ../../../Engine/Plugins/Media/MediaCompositing/Binaries/Win64/UE4Editor-MediaCompositing.dll (API version 3944462).
LogModuleManager: Display: Found up-to-date module file ../../../Engine/Plugins/Media/MediaCompositing/Binaries/Win64/UE4Editor-MediaCompositingEditor.dll (API version 3944462).
LogModuleManager: Display: Found up-to-date module file ../../../Engine/Plugins/Media/MediaPlayerEditor/Binaries/Win64/UE4Editor-MediaPlayerEditor.dll (API version 3944462).
LogModuleManager: Display: Found up-to-date module file ../../../Engine/Plugins/Media/WmfMedia/Binaries/Win64/UE4Editor-WmfMedia.dll (API version 3944462).
LogModuleManager: Display: Found up-to-date module file ../../../Engine/Plugins/Media/WmfMedia/Binaries/Win64/UE4Editor-WmfMediaEditor.dll (API version 3944462).
LogModuleManager: Display: Found up-to-date module file ../../../Engine/Plugins/Media/WmfMedia/Binaries/Win64/UE4Editor-WmfMediaFactory.dll (API version 3944462).
LogModuleManager: Display: Found up-to-date module file ../../../Engine/Plugins/Media/WmfMedia/Binaries/Win64/UE4Editor-WmfMediaFactory.dll (API version 3944462).
LogModuleManager: Display: Found up-to-date module file ../../../Engine/Plugins/Messaging/TcpMessaging/Binaries/Win64/UE4Editor-TcpMessaging.dll (API version 3944462).
LogModuleManager: Display: Found up-to-date module file ../../../Engine/Plugins/Messaging/UdpMessaging/Binaries/Win64/UE4Editor-UdpMessaging.dll (API version 3944462).
LogModuleManager: Display: Found up-to-date module file ../../../Engine/Plugins/MovieScene/ActorSequence/Binaries/Win64/UE4Editor-ActorSequence.dll (API version 3944462).
LogModuleManager: Display: Found up-to-date module file ../../../Engine/Plugins/MovieScene/LevelSequenceEditor/Binaries/Win64/UE4Editor-LevelSequenceEditor.dll (API version 3944462).
LogModuleManager: Display: Found up-to-date module file ../../../Engine/Plugins/MovieScene/MatineeToLevelSequence/Binaries/Win64/UE4Editor-MatineeToLevelSequence.dll (API version 3944462).
LogModuleManager: Display: Found up-to-date module file ../../../Engine/Plugins/NetcodeUnitTest/NetcodeUnitTest/Binaries/Win64/UE4Editor-NetcodeUnitTest.dll (API version 3944462).
LogModuleManager: Display: Found up-to-date module file ../../../Engine/Plugins/NetcodeUnitTest/NUTUnrealEngine4/Binaries/Win64/UE4Editor-NUTUnrealEngine4.dll (API version 3944462).
LogModuleManager: Display: Found up-to-date module file ../../../Engine/Plugins/Online/OnlineSubsystem/Binaries/Win64/UE4Editor-OnlineSubsystem.dll (API version 3944462).
LogModuleManager: Display: Found up-to-date module file ../../../Engine/Plugins/Online/OnlineSubsystemNull/Binaries/Win64/UE4Editor-OnlineSubsystemNull.dll (API version 3944462).
LogModuleManager: Display: Found up-to-date module file ../../../Engine/Plugins/Online/OnlineSubsystemUtils/Binaries/Win64/UE4Editor-OnlineSubsystemUtils.dll (API version 3944462).
LogModuleManager: Display: Found up-to-date module file ../../../Engine/Plugins/Online/OnlineSubsystemUtils/Binaries/Win64/UE4Editor-OnlineBlueprintSupport.dll (API version 3944462).
LogModuleManager: Display: Found up-to-date module file ../../../Engine/Plugins/Runtime/AndroidDeviceProfileSelector/Binaries/Win64/UE4Editor-AndroidDeviceProfileSelector.dll (API version 3944462).
LogModuleManager: Display: Found up-to-date module file ../../../Engine/Plugins/Runtime/AndroidPermission/Binaries/Win64/UE4Editor-AndroidPermission.dll (API version 3944462).
LogModuleManager: Display: Found up-to-date module file ../../../Engine/Plugins/Runtime/AppleARKit/Binaries/Win64/UE4Editor-AppleARKit.dll (API version 3944462).
LogModuleManager: Display: Found up-to-date module file ../../../Engine/Plugins/Runtime/ArchVisCharacter/Binaries/Win64/UE4Editor-ArchVisCharacter.dll (API version 3944462).
LogModuleManager: Display: Found up-to-date module file ../../../Engine/Plugins/Runtime/AudioCapture/Binaries/Win64/UE4Editor-AudioCapture.dll (API version 3944462).
LogModuleManager: Display: Found up-to-date module file ../../../Engine/Plugins/Runtime/AudioCapture/Binaries/Win64/UE4Editor-AudioCaptureEditor.dll (API version 3944462).
LogModuleManager: Display: Found up-to-date module file ../../../Engine/Plugins/Runtime/CableComponent/Binaries/Win64/UE4Editor-CableComponent.dll (API version 3944462).
LogModuleManager: Display: Found up-to-date module file ../../../Engine/Plugins/Runtime/CustomMeshComponent/Binaries/Win64/UE4Editor-CustomMeshComponent.dll (API version 3944462).
LogModuleManager: Display: Found up-to-date module file ../../../Engine/Plugins/Runtime/ExampleDeviceProfileSelector/Binaries/Win64/UE4Editor-ExampleDeviceProfileSelector.dll (API version 3944462).
LogModuleManager: Display: Found up-to-date module file ../../../Engine/Plugins/Runtime/ImmediatePhysics/Binaries/Win64/UE4Editor-ImmediatePhysics.dll (API version 3944462).
LogModuleManager: Display: Found up-to-date module file ../../../Engine/Plugins/Runtime/ImmediatePhysics/Binaries/Win64/UE4Editor-ImmediatePhysicsEditor.dll (API version 3944462).
LogModuleManager: Display: Found up-to-date module file ../../../Engine/Plugins/Runtime/LocationServicesBPLibrary/Binaries/Win64/UE4Editor-LocationServicesBPLibrary.dll (API version 3944462).
LogModuleManager: Display: Found up-to-date module file ../../../Engine/Plugins/Runtime/MobilePatchingUtils/Binaries/Win64/UE4Editor-MobilePatchingUtils.dll (API version 3944462).
LogModuleManager: Display: Found up-to-date module file ../../../Engine/Plugins/Runtime/Oculus/OculusVR/Binaries/Win64/UE4Editor-OculusHMD.dll (API version 3944462).
LogModuleManager: Display: Found up-to-date module file ../../../Engine/Plugins/Runtime/Oculus/OculusVR/Binaries/Win64/UE4Editor-OculusInput.dll (API version 3944462).
LogModuleManager: Display: Found up-to-date module file ../../../Engine/Plugins/Runtime/Oculus/OculusVR/Binaries/Win64/UE4Editor-OculusEditor.dll (API version 3944462).
LogModuleManager: Display: Found up-to-date module file ../../../Engine/Plugins/Runtime/PhysXVehicles/Binaries/Win64/UE4Editor-PhysXVehicles.dll (API version 3944462).
LogModuleManager: Display: Found up-to-date module file ../../../Engine/Plugins/Runtime/PhysXVehicles/Binaries/Win64/UE4Editor-PhysXVehiclesEditor.dll (API version 3944462).
LogModuleManager: Display: Found up-to-date module file ../../../Engine/Plugins/Runtime/ProceduralMeshComponent/Binaries/Win64/UE4Editor-ProceduralMeshComponent.dll (API version 3944462).
LogModuleManager: Display: Found up-to-date module file ../../../Engine/Plugins/Runtime/ProceduralMeshComponent/Binaries/Win64/UE4Editor-ProceduralMeshComponentEditor.dll (API version 3944462).
LogModuleManager: Display: Found up-to-date module file ../../../Engine/Plugins/Runtime/RuntimePhysXCooking/Binaries/Win64/UE4Editor-RuntimePhysXCooking.dll (API version 3944462).
LogModuleManager: Display: Found up-to-date module file ../../../Engine/Plugins/Runtime/Steam/SteamVR/Binaries/Win64/UE4Editor-SteamVR.dll (API version 3944462).
LogModuleManager: Display: Found up-to-date module file ../../../Engine/Plugins/Runtime/Steam/SteamVR/Binaries/Win64/UE4Editor-SteamVRController.dll (API version 3944462).
LogModuleManager: Display: Found up-to-date module file ../../../Engine/Plugins/Runtime/WindowsMoviePlayer/Binaries/Win64/UE4Editor-WindowsMoviePlayer.dll (API version 3944462).
LogInit: Using libcurl 7.47.1
LogInit:  - built for x86_64-pc-win32
LogInit:  - supports SSL with OpenSSL/1.0.2g
LogInit:  - supports HTTP deflate (compression) using libz 1.2.8
LogInit:  - other features:
LogInit:      CURL_VERSION_SSL
LogInit:      CURL_VERSION_LIBZ
LogInit:      CURL_VERSION_IPV6
LogInit:      CURL_VERSION_ASYNCHDNS
LogInit:      CURL_VERSION_LARGEFILE
LogInit:      CURL_VERSION_IDN
LogInit:  CurlRequestOptions (configurable via config and command line):
LogInit:  - bVerifyPeer = false  - Libcurl will NOT verify peer certificate
LogInit:  - bUseHttpProxy = false  - Libcurl will NOT use HTTP proxy
LogInit:  - bDontReuseConnections = false  - Libcurl will reuse connections
LogInit:  - CertBundlePath = nullptr  - Libcurl will use whatever was configured at build time.
LogInit:  - MaxHostConnections = 16  - Libcurl will limit the number of connections to a host
LogInit:  - LocalHostAddr = Default
LogInit: WinSock: version 1.1 (2.2), MaxSocks=32767, MaxUdp=65467
LogInit: WinSock: I am DESKTOP-R2S8HD4 (192.168.0.7:0)
LogInit: Build: ++UE4+Release-4.19-CL-4033788
LogInit: Engine Version: 4.19.2-4033788+++UE4+Release-4.19
LogInit: Compatible Engine Version: 4.19.0-3944462+++UE4+Release-4.19
LogInit: Net CL: 3944462
LogDevObjectVersion: Number of dev versions registered: 18
LogDevObjectVersion:   Dev-Blueprints (B0D832E4-1F89-4F0D-ACCF-7EB736FD4AA2): 10
LogDevObjectVersion:   Dev-Build (E1C64328-A22C-4D53-A36C-8E866417BD8C): 0
LogDevObjectVersion:   Dev-Core (375EC13C-06E4-48FB-B500-84F0262A717E): 2
LogDevObjectVersion:   Dev-Editor (E4B068ED-F494-42E9-A231-DA0B2E46BB41): 23
LogDevObjectVersion:   Dev-Framework (CFFC743F-43B0-4480-9391-14DF171D2073): 33
LogDevObjectVersion:   Dev-Mobile (B02B49B5-BB20-44E9-A304-32B752E40360): 2
LogDevObjectVersion:   Dev-Networking (A4E4105C-59A1-49B5-A7C5-40C4547EDFEE): 0
LogDevObjectVersion:   Dev-Online (39C831C9-5AE6-47DC-9A44-9C173E1C8E7C): 0
LogDevObjectVersion:   Dev-Physics (78F01B33-EBEA-4F98-B9B4-84EACCB95AA2): 0
LogDevObjectVersion:   Dev-Platform (6631380F-2D4D-43E0-8009-CF276956A95A): 0
LogDevObjectVersion:   Dev-Rendering (12F88B9F-8875-4AFC-A67C-D90C383ABD29): 25
LogDevObjectVersion:   Dev-Sequencer (7B5AE74C-D270-4C10-A958-57980B212A5A): 6
LogDevObjectVersion:   Dev-VR (D7296918-1DD6-4BDD-9DE2-64A83CC13884): 1
LogDevObjectVersion:   Dev-LoadTimes (C2A15278-BFE7-4AFE-6C17-90FF531DF755): 1
LogDevObjectVersion:   Private-Geometry (6EACA3D4-40EC-4CC1-B786-8BED09428FC5): 2
LogDevObjectVersion:   Dev-AnimPhys (29E575DD-E0A3-4627-9D10-D276232CDCEA): 16
LogDevObjectVersion:   Dev-ReflectionCapture (6B266CEC-1EC7-4B8F-A30B-E4D90942FC07): 1
LogDevObjectVersion:   Dev-Automation (0DF73D61-A23F-47EA-B727-89E90C41499A): 1
LogInit: Compiled (64-bit): Apr 27 2018 02:06:57
LogInit: Compiled with Visual C++: 19.00.24215.01
LogInit: Build Configuration: Development
LogInit: Branch Name: ++UE4+Release-4.19
LogInit: Command Line:  -skipcompile
LogInit: Base Directory: C:/Program Files/Epic Games/UE_4.19/Engine/Binaries/Win64/
LogInit: Installed Engine Build: 1
LogStreaming: Display: Took  0.000s to delete old logs.
LogInit: Presizing for max 8388607 objects, including 0 objects not considered by GC, pre-allocating 0 bytes for permanent pool.
LogInit: Object subsystem initialized
[2022.07.27-07.17.02:306][  0]LogInit: Selected Device Profile: [Windows]
[2022.07.27-07.17.02:306][  0]LogInit: Applying CVar settings loaded from the selected device profile: [Windows]
[2022.07.27-07.17.02:340][  0]LogInit: Computer: DESKTOP-R2S8HD4
[2022.07.27-07.17.02:340][  0]LogInit: User: ksol9
[2022.07.27-07.17.02:340][  0]LogInit: CPU Page size=4096, Cores=8
[2022.07.27-07.17.02:340][  0]LogInit: High frequency timer resolution =10.000000 MHz
[2022.07.27-07.17.02:340][  0]LogMemory: Memory total: Physical=15.9GB (16GB approx)
[2022.07.27-07.17.02:340][  0]LogMemory: Platform Memory Stats for Windows
[2022.07.27-07.17.02:340][  0]LogMemory: Process Physical Memory: 279.03 MB used, 279.03 MB peak
[2022.07.27-07.17.02:340][  0]LogMemory: Process Virtual Memory: 272.43 MB used, 272.43 MB peak
[2022.07.27-07.17.02:340][  0]LogMemory: Physical Memory: 7279.52 MB used,  9012.74 MB free, 16292.26 MB total
[2022.07.27-07.17.02:340][  0]LogMemory: Virtual Memory: 4813.23 MB used,  9012.74 MB free, 134217728.00 MB total
[2022.07.27-07.17.02:689][  0]LogInit: Using OS detected language (ko-KR).
[2022.07.27-07.17.02:689][  0]LogInit: Using OS detected locale (ko-KR).
[2022.07.27-07.17.02:702][  0]LogTextLocalizationManager: No specific localization for 'ko-KR' exists, so the 'ko' localization will be used.
[2022.07.27-07.17.03:061][  0]LogStreaming: Display: Took  0.371s to EndInitTextLocalization.
[2022.07.27-07.17.03:062][  0]LogInit: Setting process to per monitor DPI aware
[2022.07.27-07.17.05:424][  0]LogSlate: New Slate User Created.  User Index 0, Is Virtual User: 0
[2022.07.27-07.17.05:424][  0]LogSlate: Slate User Registered.  User Index 0, Is Virtual User: 0
[2022.07.27-07.17.05:733][  0]LogD3D11RHI: D3D11 adapters:
[2022.07.27-07.17.05:934][  0]LogD3D11RHI:    0. 'NVIDIA GeForce GTX 1060 3GB' (Feature Level 11_0)
[2022.07.27-07.17.05:934][  0]LogD3D11RHI:       2988/0/8146 MB DedicatedVideo/DedicatedSystem/SharedSystem, Outputs:1, VendorId:0x10de
[2022.07.27-07.17.05:970][  0]LogD3D11RHI:    1. 'Microsoft Basic Render Driver' (Feature Level 11_0)
[2022.07.27-07.17.05:970][  0]LogD3D11RHI:       0/0/8146 MB DedicatedVideo/DedicatedSystem/SharedSystem, Outputs:0, VendorId:0x1414
[2022.07.27-07.17.05:970][  0]LogD3D11RHI: Chosen D3D11 Adapter: 0
[2022.07.27-07.17.05:976][  0]LogD3D11RHI: Creating new Direct3DDevice
[2022.07.27-07.17.05:976][  0]LogD3D11RHI:     GPU DeviceId: 0x1c02 (for the marketing name, search the web for "GPU Device Id")
[2022.07.27-07.17.05:976][  0]LogWindows: EnumDisplayDevices:
[2022.07.27-07.17.05:977][  0]LogWindows:    0. 'NVIDIA GeForce GTX 1060 3GB' (P:1 D:1)
[2022.07.27-07.17.05:977][  0]LogWindows:    1. 'NVIDIA GeForce GTX 1060 3GB' (P:0 D:0)
[2022.07.27-07.17.05:977][  0]LogWindows:    2. 'NVIDIA GeForce GTX 1060 3GB' (P:0 D:0)
[2022.07.27-07.17.05:977][  0]LogWindows:    3. 'NVIDIA GeForce GTX 1060 3GB' (P:0 D:0)
[2022.07.27-07.17.05:977][  0]LogWindows: DebugString: GetVideoDriverDetailsInvalid PrimaryIsNotTheChoosenAdapter GetVideoDriverDetailsInvalid PrimaryIsNotTheChoosenAdapter GetVideoDriverDetailsInvalid PrimaryIsNotTheChoosenAdapter GetVideoDriverDetailsInvalid PrimaryIsNotTheChoosenAdapter FoundDriverCount:0 
[2022.07.27-07.17.05:977][  0]LogD3D11RHI:     Adapter Name: NVIDIA GeForce GTX 1060 3GB
[2022.07.27-07.17.05:977][  0]LogD3D11RHI:   Driver Version: Unknown (internal:Unknown, unified:Unknown)
[2022.07.27-07.17.05:977][  0]LogD3D11RHI:      Driver Date: Unknown
[2022.07.27-07.17.05:977][  0]LogRHI: Texture pool is 2091 MB (70% of 2988 MB)
[2022.07.27-07.17.06:076][  0]LogD3D11RHI: [Aftermath] Aftermath enabled and primed
[2022.07.27-07.17.06:076][  0]LogD3D11RHI: [Aftermath] Aftermath enabled and primed
[2022.07.27-07.17.06:077][  0]LogD3D11RHI: Async texture creation enabled
[2022.07.27-07.17.06:095][  0]LogD3D11RHI: GPU Timing Frequency: 1000.000000 (Debug: 2 2)
[2022.07.27-07.17.06:097][  0]LogShaderCompilers: Guid format shader working directory is -21 characters bigger than the processId version (../../../../../../Users/ksol9/Documents/Unreal Projects/ArenaBattle/Intermediate/Shaders/WorkingDirectory/9976/).
[2022.07.27-07.17.06:097][  0]LogShaderCompilers: Cleaned the shader compiler working directory 'C:/Users/ksol9/AppData/Local/Temp/UnrealShaderWorkingDir/13AF6AB14197A5AA63D2DFA8BCEB3365/'.
[2022.07.27-07.17.06:750][  0]LogTemp: Display: Loaded TP AllDesktopTargetPlatform
[2022.07.27-07.17.06:764][  0]LogTemp: Display: Loaded TP MacClientTargetPlatform
[2022.07.27-07.17.06:779][  0]LogTemp: Display: Loaded TP MacNoEditorTargetPlatform
[2022.07.27-07.17.06:794][  0]LogTemp: Display: Loaded TP MacServerTargetPlatform
[2022.07.27-07.17.06:809][  0]LogTemp: Display: Loaded TP MacTargetPlatform
[2022.07.27-07.17.06:823][  0]LogTemp: Display: Loaded TP WindowsClientTargetPlatform
[2022.07.27-07.17.06:838][  0]LogTemp: Display: Loaded TP WindowsNoEditorTargetPlatform
[2022.07.27-07.17.06:852][  0]LogTemp: Display: Loaded TP WindowsServerTargetPlatform
[2022.07.27-07.17.06:859][  0]LogTemp: Display: Loaded TP WindowsTargetPlatform
[2022.07.27-07.17.06:872][  0]LogTemp: Display: Loaded TP Android_ASTCTargetPlatform
[2022.07.27-07.17.06:885][  0]LogTemp: Display: Loaded TP Android_ATCTargetPlatform
[2022.07.27-07.17.06:897][  0]LogTemp: Display: Loaded TP Android_DXTTargetPlatform
[2022.07.27-07.17.06:909][  0]LogTemp: Display: Loaded TP Android_ETC1aTargetPlatform
[2022.07.27-07.17.06:922][  0]LogTemp: Display: Loaded TP Android_ETC1TargetPlatform
[2022.07.27-07.17.06:935][  0]LogTemp: Display: Loaded TP Android_ETC2TargetPlatform
[2022.07.27-07.17.06:960][  0]LogTemp: Display: Loaded TP Android_MultiTargetPlatform
[2022.07.27-07.17.06:960][  0]LogTemp: Display: Loaded TP Android_PVRTCTargetPlatform
[2022.07.27-07.17.06:974][  0]LogTemp: Display: Loaded TP AndroidTargetPlatform
[2022.07.27-07.17.06:976][  0]LogTemp: Display: Loaded TP HTML5TargetPlatform
[2022.07.27-07.17.07:020][  0]LogTemp: Display: Loaded TP IOSTargetPlatform
[2022.07.27-07.17.07:032][  0]LogTemp: Display: Loaded TP TVOSTargetPlatform
[2022.07.27-07.17.07:045][  0]LogTemp: Display: Loaded TP LinuxClientTargetPlatform
[2022.07.27-07.17.07:058][  0]LogTemp: Display: Loaded TP LinuxNoEditorTargetPlatform
[2022.07.27-07.17.07:071][  0]LogTemp: Display: Loaded TP LinuxServerTargetPlatform
[2022.07.27-07.17.07:084][  0]LogTemp: Display: Loaded TP LinuxTargetPlatform
[2022.07.27-07.17.07:084][  0]LogTargetPlatformManager: Display: Building Assets For Windows
[2022.07.27-07.17.07:608][  0]LogXGEController: Cannot use XGE Controller as Incredibuild is not installed on this machine.
[2022.07.27-07.17.07:609][  0]LogShaderCompilers: Cannot use XGE Shader Compiler as Incredibuild is not installed on this machine.
[2022.07.27-07.17.07:609][  0]LogShaderCompilers: Display: Using Local Shader Compiler.
[2022.07.27-07.17.08:430][  0]LogDerivedDataCache: Display: Max Cache Size: 512 MB
[2022.07.27-07.17.08:503][  0]LogDerivedDataCache: Loaded boot cache 0.07s 75MB C:/Users/ksol9/AppData/Local/UnrealEngine/4.19/DerivedDataCache/Boot.ddc.
[2022.07.27-07.17.08:504][  0]LogDerivedDataCache: Display: Loaded Boot cache: C:/Users/ksol9/AppData/Local/UnrealEngine/4.19/DerivedDataCache/Boot.ddc
[2022.07.27-07.17.08:504][  0]LogDerivedDataCache: FDerivedDataBackendGraph:  Pak pak cache file ../../../../../../Users/ksol9/Documents/Unreal Projects/ArenaBattle/DerivedDataCache/DDC.ddp not found, will not use a pak cache.
[2022.07.27-07.17.08:504][  0]LogDerivedDataCache: Unable to find inner node Pak for hierarchical cache Hierarchy.
[2022.07.27-07.17.08:504][  0]LogDerivedDataCache: FDerivedDataBackendGraph:  CompressedPak pak cache file ../../../../../../Users/ksol9/Documents/Unreal Projects/ArenaBattle/DerivedDataCache/Compressed.ddp not found, will not use a pak cache.
[2022.07.27-07.17.08:504][  0]LogDerivedDataCache: Unable to find inner node CompressedPak for hierarchical cache Hierarchy.
[2022.07.27-07.17.08:521][  0]LogDerivedDataCache: Display: Pak cache opened for reading ../../../Engine/DerivedDataCache/Compressed.ddp.
[2022.07.27-07.17.08:534][  0]LogDerivedDataCache: Using Local data cache path C:/Users/ksol9/AppData/Local/UnrealEngine/Common/DerivedDataCache: Writable
[2022.07.27-07.17.08:534][  0]LogDerivedDataCache: Shared data cache path not found in *engine.ini, will not use an Shared cache.
[2022.07.27-07.17.08:534][  0]LogDerivedDataCache: Unable to find inner node Shared for hierarchical cache Hierarchy.
[2022.07.27-07.17.08:543][  0]LogMaterial: Verifying Global Shaders for PCD3D_SM5
[2022.07.27-07.17.08:544][  0]LogSlate: Using Freetype 2.6.0
[2022.07.27-07.17.08:591][  0]LogSlate: SlateFontCache - WITH_FREETYPE: 1, WITH_HARFBUZZ: 1
[2022.07.27-07.17.08:591][  0]LogSlate: SlateFontCache - WITH_FREETYPE: 1, WITH_HARFBUZZ: 1
[2022.07.27-07.17.11:838][  0]LogAssetRegistry: FAssetRegistry took 0.0745 seconds to start up
[2022.07.27-07.17.12:275][  0]LogInit: Selected Device Profile: [Windows]
[2022.07.27-07.17.12:517][  0]LogSimplygon: Simplygon DLL not present - disabling.
[2022.07.27-07.17.12:520][  0]LogMeshReduction: Using SimplygonSwarm for distributed automatic mesh merging
[2022.07.27-07.17.12:520][  0]LogMeshReduction: Using QuadricMeshReduction for automatic static mesh reduction
[2022.07.27-07.17.12:520][  0]LogMeshReduction: No automatic skeletal mesh reduction module available
[2022.07.27-07.17.12:520][  0]LogMeshReduction: No automatic mesh merging module available
[2022.07.27-07.17.12:520][  0]LogMeshMerging: No automatic mesh merging module available
[2022.07.27-07.17.12:554][  0]LogNetVersion: ArenaBattle , NetCL: 3944462, EngineNetVer: 2, GameNetVer: 0 (Checksum: 3555152549)
[2022.07.27-07.17.13:047][  0]LogPackageLocalizationCache: Processed 9 localized package path(s) for 2 prioritized culture(s) in 0.126609 seconds
[2022.07.27-07.17.13:053][  0]LogUObjectArray: 36728 objects as part of root set at end of initial load.
[2022.07.27-07.17.13:053][  0]LogUObjectAllocator: 7314304 out of 0 bytes used by permanent object pool.
[2022.07.27-07.17.13:053][  0]LogUObjectArray: CloseDisregardForGC: 0/0 objects in disregard for GC pool
[2022.07.27-07.17.14:759][  0]LogTcpMessaging: Initializing TcpMessaging bridge
[2022.07.27-07.17.14:791][  0]LogUdpMessaging: Initializing bridge on interface 0.0.0.0:0 to multicast group 230.0.0.1:6666.
[2022.07.27-07.17.15:283][  0]SourceControl: 소스 콘트롤이 꺼졌습니다.
[2022.07.27-07.17.15:283][  0]SourceControl: 소스 콘트롤이 꺼졌습니다.
[2022.07.27-07.17.15:303][  0]SourceControl: 소스 콘트롤이 꺼졌습니다.
[2022.07.27-07.17.15:323][  0]SourceControl: 소스 콘트롤이 꺼졌습니다.
[2022.07.27-07.17.15:976][  0]LogAndroidPermission: UAndroidPermissionCallbackProxy::GetInstance
[2022.07.27-07.17.16:396][  0]LogOcInput: OculusInput pre-init called
[2022.07.27-07.17.16:518][  0]LogEngine: Initializing Engine...
[2022.07.27-07.17.16:590][  0]LogHMD: Failed to initialize OpenVR with code 110
[2022.07.27-07.17.16:617][  0]LogStats: UGameplayTagsManager::ConstructGameplayTagTree: Construct from data asset -  0.000 s
[2022.07.27-07.17.16:617][  0]LogStats: UGameplayTagsManager::ConstructGameplayTagTree: GameplayTagTreeChangedEvent.Broadcast -  0.000 s
[2022.07.27-07.17.16:788][  0]LogAIModule: Creating AISystem for world Untitled
[2022.07.27-07.17.16:858][  0]LogInit: XAudio2 using '스피커(Realtek High Definition Audio)' : 2 channels at 48 kHz using 32 bits per sample (channel mask 0x3)
[2022.07.27-07.17.16:920][  0]LogInit: FAudioDevice initialized.
[2022.07.27-07.17.17:149][  0]LogDerivedDataCache: Saved boot cache 0.23s 75MB C:/Users/ksol9/AppData/Local/UnrealEngine/4.19/DerivedDataCache/Boot.ddc.
[2022.07.27-07.17.17:161][  0]LogInit: Texture streaming: Enabled
[2022.07.27-07.17.17:200][  0]LogEngineSessionManager: EngineSessionManager initialized
[2022.07.27-07.17.17:232][  0]LogInit: Transaction tracking system initialized
[2022.07.27-07.17.17:256][  0]BlueprintLog: New page: 에디터 로드
[2022.07.27-07.17.17:407][  0]LocalizationService: 현지화 서비스가 비활성화되었습니다.
[2022.07.27-07.17.17:564][  0]LogConsoleResponse: Display: 
[2022.07.27-07.17.17:781][  0]LogCook: Display: Max memory allowance for cook 16384mb min free memory 0mb
[2022.07.27-07.17.17:781][  0]LogCook: Display: Mobile HDR setting 1
[2022.07.27-07.17.17:781][  0]LogGameplayTags: Display: UGameplayTagsManager::DoneAddingNativeTags. DelegateIsBound: 0
[2022.07.27-07.17.17:781][  0]LogStats: UGameplayTagsManager::ConstructGameplayTagTree: Construct from data asset -  0.000 s
[2022.07.27-07.17.17:781][  0]LogStats: UGameplayTagsManager::ConstructGameplayTagTree: GameplayTagTreeChangedEvent.Broadcast -  0.000 s
[2022.07.27-07.17.18:318][  0]LogFileCache: Scanning file cache for directory 'C:/Users/ksol9/Documents/Unreal Projects/ArenaBattle/Content/' took 0.07s
[2022.07.27-07.17.18:318][  0]SourceControl: 소스 콘트롤이 꺼졌습니다.
[2022.07.27-07.17.18:318][  0]Cmd: MAP LOAD FILE="../../../../../../Users/ksol9/Documents/Unreal Projects/ArenaBattle/Content/Book/Maps/Step1.umap" TEMPLATE=0 SHOWPROGRESS=1 FEATURELEVEL=3
[2022.07.27-07.17.18:326][  0]LightingResults: New page: 라이팅 빌드
[2022.07.27-07.17.18:328][  0]MapCheck: New page: 맵 체크
[2022.07.27-07.17.18:328][  0]LightingResults: New page: 라이팅 빌드
[2022.07.27-07.17.18:549][  0]LogAIModule: Creating AISystem for world Step1
[2022.07.27-07.17.18:553][  0]LogEditorServer: Finished looking for orphan Actors (0.000 secs)
[2022.07.27-07.17.18:577][  0]Cmd: MAP CHECKDEP NOCLEARLOG
[2022.07.27-07.17.18:653][  0]MapCheck: 맵 체크 완료: 오류 0 회, 경고 0 회, 소요 시간 75.637ms.
[2022.07.27-07.17.18:653][  0]LogFileHelpers: Loading map 'Step1' took 0.335
[2022.07.27-07.17.19:115][  0]LogCollectionManager: Loaded 0 collections in 0.001811 seconds
[2022.07.27-07.17.19:184][  0]LogFileCache: Scanning file cache for directory 'C:/Users/ksol9/Documents/Unreal Projects/ArenaBattle/Saved/Collections/' took 0.01s
[2022.07.27-07.17.19:184][  0]LogFileCache: Scanning file cache for directory 'C:/Users/ksol9/Documents/Unreal Projects/ArenaBattle/Content/Developers/ksol9/Collections/' took 0.01s
[2022.07.27-07.17.19:184][  0]LogFileCache: Scanning file cache for directory 'C:/Users/ksol9/Documents/Unreal Projects/ArenaBattle/Content/Collections/' took 0.01s
[2022.07.27-07.17.19:185][  0]LogCollectionManager: Rebuilt the GUID cache for 0 collections in 0.000000 seconds
[2022.07.27-07.17.19:193][  0]LogContentBrowser: Native class hierarchy populated in 0.0087 seconds. Added 2453 classes and 560 folders.
[2022.07.27-07.17.19:250][  0]LogContentBrowser: Native class hierarchy updated for 'WidgetCarousel' in 0.0008 seconds. Added 0 classes and 0 folders.
[2022.07.27-07.17.19:360][  0]LogContentBrowser: Native class hierarchy updated for 'AddContentDialog' in 0.0007 seconds. Added 0 classes and 0 folders.
[2022.07.27-07.17.19:378][  0]LogContentBrowser: Native class hierarchy updated for 'SceneOutliner' in 0.0007 seconds. Added 1 classes and 2 folders.
[2022.07.27-07.17.19:528][  0]LogSlate: Took 0.036892 seconds to synchronously load lazily loaded font '../../../Engine/Content/Slate/Fonts/Roboto-Regular.ttf' (155K)
[2022.07.27-07.17.19:530][  0]LogSlate: Took 0.001914 seconds to synchronously load lazily loaded font '../../../Engine/Content/Editor/Slate/Fonts/NanumGothic.ttf' (4243K)
[2022.07.27-07.17.19:533][  0]LogSlate: Took 0.001681 seconds to synchronously load lazily loaded font '../../../Engine/Content/Editor/Slate/Fonts/NanumGothicBold.ttf' (4188K)
[2022.07.27-07.17.19:533][  0]LogSlate: Took 0.000203 seconds to synchronously load lazily loaded font '../../../Engine/Content/Slate/Fonts/Roboto-Bold.ttf' (160K)
[2022.07.27-07.17.19:537][  0]LogSlate: Took 0.000225 seconds to synchronously load lazily loaded font '../../../Engine/Content/Editor/Slate/Fonts/FontAwesome.ttf' (139K)
[2022.07.27-07.17.19:544][  0]LogSlate: Took 0.007652 seconds to synchronously load lazily loaded font '../../../Engine/Content/Slate/Fonts/DroidSansMono.ttf' (77K)
[2022.07.27-07.17.19:591][  0]LogSlate: Took 0.001794 seconds to synchronously load lazily loaded font '../../../Engine/Content/Editor/Slate/Fonts/NanumGothicExtraBold.ttf' (4074K)
[2022.07.27-07.17.19:713][  0]LogRenderer: Reallocating scene render targets to support 1208x576 Format 10 NumSamples 1 (Frame:1).
[2022.07.27-07.17.19:822][  0]LogContentBrowser: Native class hierarchy updated for 'HierarchicalLODOutliner' in 0.0007 seconds. Added 0 classes and 0 folders.
[2022.07.27-07.17.19:823][  0]LogLoad: (Engine Initialization) Total time: 22.90 seconds
[2022.07.27-07.17.19:823][  0]LogLoad: (Engine Initialization) Total Blueprint compile time: 0.00 seconds
[2022.07.27-07.17.20:181][  0]LogContentStreaming: Texture pool size now 1000 MB
[2022.07.27-07.17.20:503][  1]LogAssetRegistry: Asset discovery search completed in 8.6867 seconds
[2022.07.27-07.17.20:505][  1]LogCollectionManager: Rebuilt the object cache for 0 collections in 0.000000 seconds (found 0 objects)
[2022.07.27-07.17.20:505][  1]LogCollectionManager: Fixed up redirectors for 0 collections in 0.000148 seconds (updated 0 objects)
[2022.07.27-07.18.45:829][257]LogHotReload: New module detected: UE4Editor-ArenaBattle-2281.dll
[2022.07.27-07.18.46:844][261]LogHotReload: Starting Hot-Reload from IDE
[2022.07.27-07.18.46:858][261]LogSlate: Took 0.008327 seconds to synchronously load lazily loaded font '../../../Engine/Content/Slate/Fonts/Roboto-Light.ttf' (167K)
[2022.07.27-07.18.46:882][261]LogContentBrowser: Native class hierarchy updated for 'ArenaBattle' in 0.0008 seconds. Added 1 classes and 2 folders.
[2022.07.27-07.18.46:884][261]Display: HotReload successful (0 functions remapped  0 scriptstructs remapped)
[2022.07.27-07.18.47:073][261]LogContentBrowser: Native class hierarchy populated in 0.0090 seconds. Added 2454 classes and 562 folders.
[2022.07.27-07.18.47:076][261]Display: HotReload took  0.2s.
[2022.07.27-07.18.55:887][287]LogSlate: Window 'ArenaBattle - 언리얼 에디터' being destroyed
[2022.07.27-07.18.55:895][287]LogWindowsTextInputMethodSystem: Display: IME system now activated using TSF (Microsoft 입력기).
[2022.07.27-07.18.56:088][288]Cmd: QUIT_EDITOR
[2022.07.27-07.18.56:139][288]LogSlate: Slate User Destroyed.  User Index 0, Is Virtual User: 0
[2022.07.27-07.18.56:140][288]LogExit: Preparing to exit.
[2022.07.27-07.18.56:906][288]LogDirectoryWatcher: A directory notification for 'C:/Users/ksol9/Documents/Unreal Projects/ArenaBattle/Content/' was aborted.
[2022.07.27-07.18.56:959][288]LogExit: Editor shut down
[2022.07.27-07.18.56:962][288]LogExit: Transaction tracking system shut down
[2022.07.27-07.18.57:157][288]LogDirectoryWatcher: A directory notification for '../../../Engine/Content/' was aborted.
[2022.07.27-07.18.57:157][288]LogDirectoryWatcher: A directory notification for '../../../../../../Users/ksol9/Documents/Unreal Projects/ArenaBattle/Content/' was aborted.
[2022.07.27-07.18.57:157][288]LogDirectoryWatcher: A directory notification for '../../Plugins/2D/Paper2D/Content/' was aborted.
[2022.07.27-07.18.57:157][288]LogDirectoryWatcher: A directory notification for '../../Plugins/Enterprise/DatasmithContent/Content/' was aborted.
[2022.07.27-07.18.57:157][288]LogDirectoryWatcher: A directory notification for '../../Plugins/Media/MediaCompositing/Content/' was aborted.
[2022.07.27-07.18.57:157][288]LogDirectoryWatcher: A directory notification for '../../Plugins/Runtime/AppleARKit/Content/' was aborted.
[2022.07.27-07.18.57:157][288]LogDirectoryWatcher: A directory notification for '../../Plugins/Runtime/Oculus/OculusVR/Content/' was aborted.
[2022.07.27-07.18.57:157][288]LogDirectoryWatcher: A directory notification for '../../Plugins/Runtime/Steam/SteamVR/Content/' was aborted.
[2022.07.27-07.18.57:432][288]LogExit: Object subsystem successfully closed.
[2022.07.27-07.18.57:516][288]LogShaderCompilers: Display: Shaders left to compile 0
[2022.07.27-07.18.57:520][288]LogD3D11RHI: Shutdown
[2022.07.27-07.18.57:520][288]LogD3D11RHI: CleanupD3DDevice
[2022.07.27-07.18.57:524][288]LogD3D11RHI: ~FD3D11DynamicRHI
[2022.07.27-07.18.57:700][288]LogModuleManager: Shutting down and abandoning module ArenaBattle (577)
[2022.07.27-07.18.57:700][288]LogModuleManager: Shutting down and abandoning module HierarchicalLODOutliner (576)
[2022.07.27-07.18.57:700][288]LogModuleManager: Shutting down and abandoning module DesktopPlatform (574)
[2022.07.27-07.18.57:700][288]LogModuleManager: Shutting down and abandoning module SceneOutliner (572)
[2022.07.27-07.18.57:700][288]LogModuleManager: Shutting down and abandoning module AddContentDialog (570)
[2022.07.27-07.18.57:701][288]LogDirectoryWatcher: A directory notification for 'C:/Program Files/Epic Games/UE_4.19/FeaturePacks/' was aborted.
[2022.07.27-07.18.57:704][288]LogModuleManager: Shutting down and abandoning module WidgetCarousel (569)
[2022.07.27-07.18.57:704][288]LogModuleManager: Shutting down and abandoning module EditorWidgets (566)
[2022.07.27-07.18.57:704][288]LogModuleManager: Shutting down and abandoning module CollectionManager (564)
[2022.07.27-07.18.57:704][288]LogDirectoryWatcher: A directory notification for 'C:/Users/ksol9/Documents/Unreal Projects/ArenaBattle/Content/Collections/' was aborted.
[2022.07.27-07.18.57:704][288]LogDirectoryWatcher: A directory notification for 'C:/Users/ksol9/Documents/Unreal Projects/ArenaBattle/Content/Developers/ksol9/Collections/' was aborted.
[2022.07.27-07.18.57:704][288]LogDirectoryWatcher: A directory notification for 'C:/Users/ksol9/Documents/Unreal Projects/ArenaBattle/Saved/Collections/' was aborted.
[2022.07.27-07.18.57:705][288]LogModuleManager: Shutting down and abandoning module StatsViewer (562)
[2022.07.27-07.18.57:705][288]LogModuleManager: Shutting down and abandoning module FoliageEdit (560)
[2022.07.27-07.18.57:705][288]LogModuleManager: Shutting down and abandoning module LandscapeEditor (558)
[2022.07.27-07.18.57:708][288]LogModuleManager: Shutting down and abandoning module MeshPaintMode (556)
[2022.07.27-07.18.57:708][288]LogModuleManager: Shutting down and abandoning module SceneDepthPickerMode (554)
[2022.07.27-07.18.57:708][288]LogModuleManager: Shutting down and abandoning module ActorPickerMode (552)
[2022.07.27-07.18.57:708][288]LogModuleManager: Shutting down and abandoning module GeometryMode (550)
[2022.07.27-07.18.57:708][288]LogModuleManager: Shutting down and abandoning module TextureAlignMode (548)
[2022.07.27-07.18.57:708][288]LogModuleManager: Shutting down and abandoning module BspMode (546)
[2022.07.27-07.18.57:708][288]LogModuleManager: Shutting down and abandoning module PIEPreviewDeviceProfileSelector (544)
[2022.07.27-07.18.57:708][288]LogModuleManager: Shutting down and abandoning module HardwareSurvey (542)
[2022.07.27-07.18.57:708][288]LogModuleManager: Shutting down and abandoning module SequenceRecorderSections (540)
[2022.07.27-07.18.57:708][288]LogModuleManager: Shutting down and abandoning module AutomationWorker (538)
[2022.07.27-07.18.57:708][288]LogModuleManager: Shutting down and abandoning module AudioCaptureEditor (536)
[2022.07.27-07.18.57:708][288]LogModuleManager: Shutting down and abandoning module SequenceRecorder (535)
[2022.07.27-07.18.57:711][288]LogModuleManager: Shutting down and abandoning module MatineeToLevelSequence (532)
[2022.07.27-07.18.57:711][288]LogModuleManager: Shutting down and abandoning module LevelSequenceEditor (530)
[2022.07.27-07.18.57:718][288]LogModuleManager: Shutting down and abandoning module PlacementMode (529)
[2022.07.27-07.18.57:718][288]LogModuleManager: Shutting down and abandoning module MaterialEditor (528)
[2022.07.27-07.18.57:735][288]LogModuleManager: Shutting down and abandoning module WmfMediaFactory (524)
[2022.07.27-07.18.57:735][288]LogModuleManager: Shutting down and abandoning module WmfMediaEditor (522)
[2022.07.27-07.18.57:735][288]LogModuleManager: Shutting down and abandoning module MediaPlayerEditor (520)
[2022.07.27-07.18.57:739][288]LogModuleManager: Shutting down and abandoning module OpenExrWrapper (518)
[2022.07.27-07.18.57:739][288]LogModuleManager: Shutting down and abandoning module ImgMediaFactory (516)
[2022.07.27-07.18.57:740][288]LogModuleManager: Shutting down and abandoning module ImgMediaEditor (514)
[2022.07.27-07.18.57:740][288]LogModuleManager: Shutting down and abandoning module AvfMediaFactory (512)
[2022.07.27-07.18.57:740][288]LogModuleManager: Shutting down and abandoning module AvfMediaEditor (510)
[2022.07.27-07.18.57:740][288]LogModuleManager: Shutting down and abandoning module AndroidMediaFactory (508)
[2022.07.27-07.18.57:740][288]LogModuleManager: Shutting down and abandoning module AndroidMediaEditor (506)
[2022.07.27-07.18.57:740][288]LogModuleManager: Shutting down and abandoning module CharacterAI (504)
[2022.07.27-07.18.57:740][288]LogModuleManager: Shutting down and abandoning module SmartSnapping (502)
[2022.07.27-07.18.57:740][288]LogModuleManager: Shutting down and abandoning module SessionServices (500)
[2022.07.27-07.18.57:740][288]LogModuleManager: Shutting down and abandoning module ViewportSnapping (498)
[2022.07.27-07.18.57:740][288]LogModuleManager: Shutting down and abandoning module ViewportInteraction (496)
[2022.07.27-07.18.57:740][288]LogModuleManager: Shutting down and abandoning module ClothPainter (494)
[2022.07.27-07.18.57:745][288]LogModuleManager: Shutting down and abandoning module SkeletalMeshEditor (493)
[2022.07.27-07.18.57:750][288]LogModuleManager: Shutting down and abandoning module LogVisualizer (490)
[2022.07.27-07.18.57:756][288]LogModuleManager: Shutting down and abandoning module IntroTutorials (488)
[2022.07.27-07.18.57:760][288]LogModuleManager: Shutting down and abandoning module GameProjectGeneration (487)
[2022.07.27-07.18.57:764][288]LogModuleManager: Shutting down and abandoning module IOSPlatformEditor (484)
[2022.07.27-07.18.57:767][288]LogModuleManager: Shutting down and abandoning module HTML5PlatformEditor (482)
[2022.07.27-07.18.57:767][288]LogModuleManager: Shutting down and abandoning module AndroidPlatformEditor (480)
[2022.07.27-07.18.57:767][288]LogModuleManager: Shutting down and abandoning module AndroidDeviceDetection (479)
[2022.07.27-07.18.58:518][288]LogModuleManager: Shutting down and abandoning module WindowsPlatformEditor (476)
[2022.07.27-07.18.58:518][288]LogModuleManager: Shutting down and abandoning module IOSRuntimeSettings (474)
[2022.07.27-07.18.58:518][288]LogModuleManager: Shutting down and abandoning module AndroidRuntimeSettings (472)
[2022.07.27-07.18.58:518][288]LogModuleManager: Shutting down and abandoning module InputBindingEditor (470)
[2022.07.27-07.18.58:518][288]LogModuleManager: Shutting down and abandoning module MergeActors (468)
[2022.07.27-07.18.58:523][288]LogModuleManager: Shutting down and abandoning module LocalizationDashboard (466)
[2022.07.27-07.18.58:527][288]LogModuleManager: Shutting down and abandoning module LocalizationService (465)
[2022.07.27-07.18.58:527][288]LogModuleManager: Shutting down and abandoning module HardwareTargeting (462)
[2022.07.27-07.18.58:527][288]LogModuleManager: Shutting down and abandoning module DeviceProfileEditor (460)
[2022.07.27-07.18.58:529][288]LogModuleManager: Shutting down and abandoning module UndoHistory (458)
[2022.07.27-07.18.58:529][288]LogModuleManager: Shutting down and abandoning module XmlParser (456)
[2022.07.27-07.18.58:529][288]LogModuleManager: Shutting down and abandoning module Blutility (454)
[2022.07.27-07.18.58:529][288]LogModuleManager: Shutting down and abandoning module ProjectSettingsViewer (452)
[2022.07.27-07.18.58:529][288]LogModuleManager: Shutting down and abandoning module ProjectTargetPlatformEditor (451)
[2022.07.27-07.18.58:530][288]LogModuleManager: Shutting down and abandoning module EditorSettingsViewer (448)
[2022.07.27-07.18.58:530][288]LogModuleManager: Shutting down and abandoning module SettingsEditor (446)
[2022.07.27-07.18.58:534][288]LogModuleManager: Shutting down and abandoning module ProjectLauncher (444)
[2022.07.27-07.18.58:534][288]LogModuleManager: Shutting down and abandoning module SessionFrontend (442)
[2022.07.27-07.18.58:537][288]LogModuleManager: Shutting down and abandoning module ProfilerClient (440)
[2022.07.27-07.18.58:537][288]LogModuleManager: Shutting down and abandoning module DeviceManager (438)
[2022.07.27-07.18.58:537][288]LogModuleManager: Shutting down and abandoning module TargetDeviceServices (437)
[2022.07.27-07.18.58:581][288]LogModuleManager: Shutting down and abandoning module AutomationController (434)
[2022.07.27-07.18.58:583][288]LogModuleManager: Shutting down and abandoning module AutomationWindow (432)
[2022.07.27-07.18.58:586][288]LogModuleManager: Shutting down and abandoning module Layers (430)
[2022.07.27-07.18.58:591][288]LogModuleManager: Shutting down and abandoning module ComponentVisualizers (428)
[2022.07.27-07.18.58:591][288]LogModuleManager: Shutting down and abandoning module DetailCustomizations (426)
[2022.07.27-07.18.58:595][288]LogModuleManager: Shutting down and abandoning module PackagesDialog (424)
[2022.07.27-07.18.58:595][288]LogModuleManager: Shutting down and abandoning module Persona (422)
[2022.07.27-07.18.58:600][288]LogModuleManager: Shutting down and abandoning module AdvancedPreviewScene (421)
[2022.07.27-07.18.58:601][288]LogModuleManager: Shutting down and abandoning module AnimGraph (419)
[2022.07.27-07.18.58:601][288]LogModuleManager: Shutting down and abandoning module Kismet (416)
[2022.07.27-07.18.58:605][288]LogModuleManager: Shutting down and abandoning module GraphEditor (414)
[2022.07.27-07.18.58:613][288]LogModuleManager: Shutting down and abandoning module ClassViewer (412)
[2022.07.27-07.18.58:613][288]LogModuleManager: Shutting down and abandoning module Toolbox (410)
[2022.07.27-07.18.58:613][288]LogModuleManager: Shutting down and abandoning module ModuleUI (408)
[2022.07.27-07.18.58:613][288]LogModuleManager: Shutting down and abandoning module MovieSceneTools (406)
[2022.07.27-07.18.58:619][288]LogModuleManager: Shutting down and abandoning module OutputLog (404)
[2022.07.27-07.18.58:620][288]LogModuleManager: Shutting down and abandoning module GammaUI (402)
[2022.07.27-07.18.58:620][288]LogModuleManager: Shutting down and abandoning module Documentation (400)
[2022.07.27-07.18.58:620][288]LogModuleManager: Shutting down and abandoning module MovieSceneTracks (398)
[2022.07.27-07.18.58:620][288]LogModuleManager: Shutting down and abandoning module MovieScene (396)
[2022.07.27-07.18.58:620][288]LogModuleManager: Shutting down and abandoning module StreamingPauseRendering (394)
[2022.07.27-07.18.58:620][288]LogModuleManager: Shutting down and abandoning module LauncherPlatform (392)
[2022.07.27-07.18.58:620][288]LogModuleManager: Shutting down and abandoning module AnalyticsET (390)
[2022.07.27-07.18.58:620][288]LogModuleManager: Shutting down and abandoning module PortalServices (388)
[2022.07.27-07.18.58:620][288]LogModuleManager: Shutting down and abandoning module PortalRpc (386)
[2022.07.27-07.18.58:620][288]LogModuleManager: Shutting down and abandoning module MessagingRpc (384)
[2022.07.27-07.18.58:620][288]LogModuleManager: Shutting down and abandoning module AIModule (382)
[2022.07.27-07.18.58:620][288]LogModuleManager: Shutting down and abandoning module GameplayDebugger (381)
[2022.07.27-07.18.58:620][288]LogModuleManager: Shutting down and abandoning module AITestSuite (379)
[2022.07.27-07.18.58:620][288]LogModuleManager: Shutting down and abandoning module ProfilerService (376)
[2022.07.27-07.18.58:827][288]LogModuleManager: Shutting down and abandoning module TaskGraph (374)
[2022.07.27-07.18.58:828][288]LogModuleManager: Shutting down and abandoning module SteamVRController (372)
[2022.07.27-07.18.58:828][288]LogModuleManager: Shutting down and abandoning module ProceduralMeshComponentEditor (370)
[2022.07.27-07.18.58:828][288]LogModuleManager: Shutting down and abandoning module ProceduralMeshComponent (368)
[2022.07.27-07.18.58:828][288]LogModuleManager: Shutting down and abandoning module OculusInput (366)
[2022.07.27-07.18.58:828][288]LogModuleManager: Shutting down and abandoning module MobilePatchingUtils (364)
[2022.07.27-07.18.58:828][288]LogModuleManager: Shutting down and abandoning module CustomMeshComponent (362)
[2022.07.27-07.18.58:828][288]LogModuleManager: Shutting down and abandoning module CableComponent (360)
[2022.07.27-07.18.58:828][288]LogModuleManager: Shutting down and abandoning module AudioCapture (358)
[2022.07.27-07.18.58:828][288]LogModuleManager: Shutting down and abandoning module ArchVisCharacter (356)
[2022.07.27-07.18.58:828][288]LogModuleManager: Shutting down and abandoning module AndroidPermission (354)
[2022.07.27-07.18.58:828][288]LogModuleManager: Shutting down and abandoning module NUTUnrealEngine4 (350)
[2022.07.27-07.18.58:828][288]LogModuleManager: Shutting down and abandoning module NetcodeUnitTest (348)
[2022.07.27-07.18.58:829][288]LogModuleManager: Shutting down and abandoning module MediaCompositingEditor (346)
[2022.07.27-07.18.58:829][288]LogModuleManager: Shutting down and abandoning module MediaCompositing (344)
[2022.07.27-07.18.58:829][288]LogModuleManager: Shutting down and abandoning module LinearTimecode (342)
[2022.07.27-07.18.58:829][288]LogModuleManager: Shutting down and abandoning module ImgMedia (340)
[2022.07.27-07.18.58:832][288]LogModuleManager: Shutting down and abandoning module HTML5Networking (338)
[2022.07.27-07.18.58:832][288]LogModuleManager: Shutting down and abandoning module AlembicImporter (336)
[2022.07.27-07.18.58:832][288]LogModuleManager: Shutting down and abandoning module AlembicLibrary (335)
[2022.07.27-07.18.58:832][288]LogModuleManager: Shutting down and abandoning module GeometryCache (334)
[2022.07.27-07.18.58:832][288]LogModuleManager: Shutting down and abandoning module GeometryCacheEd (333)
[2022.07.27-07.18.58:832][288]LogModuleManager: Shutting down and abandoning module DatasmithContent (328)
[2022.07.27-07.18.58:832][288]LogModuleManager: Shutting down and abandoning module SpeedTreeImporter (326)
[2022.07.27-07.18.58:832][288]LogModuleManager: Shutting down and abandoning module PluginBrowser (324)
[2022.07.27-07.18.58:834][288]LogModuleManager: Shutting down and abandoning module MobileLauncherProfileWizard (322)
[2022.07.27-07.18.58:835][288]LogModuleManager: Shutting down and abandoning module CryptoKeysOpenSSL (320)
[2022.07.27-07.18.58:837][288]LogModuleManager: Shutting down and abandoning module CryptoKeys (318)
[2022.07.27-07.18.58:837][288]LogModuleManager: Shutting down and abandoning module VisualStudioSourceCodeAccess (316)
[2022.07.27-07.18.58:837][288]LogModuleManager: Shutting down and abandoning module VisualStudioCodeSourceCodeAccess (314)
[2022.07.27-07.18.58:837][288]LogModuleManager: Shutting down and abandoning module UObjectPlugin (312)
[2022.07.27-07.18.58:837][288]LogModuleManager: Shutting down and abandoning module SubversionSourceControl (310)
[2022.07.27-07.18.58:837][288]LogModuleManager: Shutting down and abandoning module PerforceSourceControl (308)
[2022.07.27-07.18.58:840][288]LogModuleManager: Shutting down and abandoning module GitSourceControl (306)
[2022.07.27-07.18.58:840][288]LogModuleManager: Shutting down and abandoning module SourceControl (305)
[2022.07.27-07.18.58:840][288]LogModuleManager: Shutting down and abandoning module CLionSourceCodeAccess (302)
[2022.07.27-07.18.58:840][288]LogModuleManager: Shutting down and abandoning module LightPropagationVolumeEditor (300)
[2022.07.27-07.18.58:840][288]LogModuleManager: Shutting down and abandoning module PaperTiledImporter (298)
[2022.07.27-07.18.58:840][288]LogModuleManager: Shutting down and abandoning module PaperSpriteSheetImporter (296)
[2022.07.27-07.18.58:840][288]LogModuleManager: Shutting down and abandoning module Paper2DEditor (294)
[2022.07.27-07.18.58:842][288]LogModuleManager: Shutting down and abandoning module MeshPaint (293)
[2022.07.27-07.18.58:844][288]LogModuleManager: Shutting down and abandoning module RuntimePhysXCooking (288)
[2022.07.27-07.18.58:844][288]LogModuleManager: Shutting down and abandoning module PhysXVehiclesEditor (286)
[2022.07.27-07.18.58:844][288]LogModuleManager: Shutting down and abandoning module PhysXVehicles (284)
[2022.07.27-07.18.58:844][288]LogModuleManager: Shutting down and abandoning module OculusEditor (282)
[2022.07.27-07.18.58:844][288]LogModuleManager: Shutting down and abandoning module LocationServicesBPLibrary (280)
[2022.07.27-07.18.58:844][288]LogModuleManager: Shutting down and abandoning module ImmediatePhysicsEditor (278)
[2022.07.27-07.18.58:844][288]LogModuleManager: Shutting down and abandoning module ImmediatePhysics (276)
[2022.07.27-07.18.58:844][288]LogModuleManager: Shutting down and abandoning module ActorSequence (274)
[2022.07.27-07.18.58:844][288]LogModuleManager: Shutting down and abandoning module UdpMessaging (272)
[2022.07.27-07.18.58:945][288]LogModuleManager: Shutting down and abandoning module TcpMessaging (270)
[2022.07.27-07.18.59:046][288]LogModuleManager: Shutting down and abandoning module GameplayTagsEditor (268)
[2022.07.27-07.18.59:047][288]LogModuleManager: Shutting down and abandoning module FacialAnimationEditor (266)
[2022.07.27-07.18.59:047][288]LogModuleManager: Shutting down and abandoning module FacialAnimation (264)
[2022.07.27-07.18.59:047][288]LogModuleManager: Shutting down and abandoning module DataValidation (262)
[2022.07.27-07.18.59:047][288]LogModuleManager: Shutting down and abandoning module AssetManagerEditor (260)
[2022.07.27-07.18.59:048][288]LogModuleManager: Shutting down and abandoning module LevelEditor (259)
[2022.07.27-07.18.59:049][288]LogModuleManager: Shutting down and abandoning module PixelInspectorModule (258)
[2022.07.27-07.18.59:049][288]LogModuleManager: Shutting down and abandoning module CommonMenuExtensions (256)
[2022.07.27-07.18.59:049][288]LogModuleManager: Shutting down and abandoning module MainFrame (254)
[2022.07.27-07.18.59:050][288]LogModuleManager: Shutting down and abandoning module HotReload (253)
[2022.07.27-07.18.59:050][288]LogDirectoryWatcher: A directory notification for 'C:/Users/ksol9/Documents/Unreal Projects/ArenaBattle/Binaries/Win64' was aborted.
[2022.07.27-07.18.59:050][288]LogModuleManager: Shutting down and abandoning module ContentBrowser (249)
[2022.07.27-07.18.59:051][288]LogModuleManager: Shutting down and abandoning module TreeMap (247)
[2022.07.27-07.18.59:051][288]LogModuleManager: Shutting down and abandoning module LightPropagationVolumeRuntime (244)
[2022.07.27-07.18.59:051][288]LogModuleManager: Shutting down and abandoning module LiveLinkEditor (242)
[2022.07.27-07.18.59:052][288]LogModuleManager: Shutting down and abandoning module LiveLink (240)
[2022.07.27-07.18.59:471][288]LogModuleManager: Shutting down and abandoning module Paper2D (238)
[2022.07.27-07.18.59:473][288]LogModuleManager: Shutting down and abandoning module WindowsMoviePlayer (236)
[2022.07.27-07.18.59:473][288]LogModuleManager: Shutting down and abandoning module WmfMedia (234)
[2022.07.27-07.18.59:474][288]LogModuleManager: Shutting down and abandoning module Media (233)
[2022.07.27-07.18.59:480][288]LogModuleManager: Shutting down and abandoning module PacketHandler (230)
[2022.07.27-07.18.59:480][288]LogModuleManager: Shutting down and abandoning module ClothingSystemEditor (228)
[2022.07.27-07.18.59:480][288]LogModuleManager: Shutting down and abandoning module ClothingSystemRuntime (226)
[2022.07.27-07.18.59:481][288]LogModuleManager: Shutting down and abandoning module MediaAssets (224)
[2022.07.27-07.18.59:481][288]LogModuleManager: Shutting down and abandoning module Overlay (222)
[2022.07.27-07.18.59:481][288]LogModuleManager: Shutting down and abandoning module OverlayEditor (221)
[2022.07.27-07.18.59:481][288]LogModuleManager: Shutting down and abandoning module VREditor (218)
[2022.07.27-07.18.59:482][288]LogModuleManager: Shutting down and abandoning module StringTableEditor (216)
[2022.07.27-07.18.59:482][288]LogModuleManager: Shutting down and abandoning module GameplayTasksEditor (214)
[2022.07.27-07.18.59:482][288]LogModuleManager: Shutting down and abandoning module BehaviorTreeEditor (212)
[2022.07.27-07.18.59:485][288]LogModuleManager: Shutting down and abandoning module FunctionalTesting (210)
[2022.07.27-07.18.59:485][288]LogModuleManager: Shutting down and abandoning module CollisionAnalyzer (208)
[2022.07.27-07.18.59:486][288]LogModuleManager: Shutting down and abandoning module WorkspaceMenuStructure (207)
[2022.07.27-07.18.59:486][288]LogModuleManager: Shutting down and abandoning module UMG (204)
[2022.07.27-07.18.59:487][288]LogModuleManager: Shutting down and abandoning module UMGEditor (203)
[2022.07.27-07.18.59:489][288]LogModuleManager: Shutting down and abandoning module Sequencer (202)
[2022.07.27-07.18.59:490][288]LogModuleManager: Shutting down and abandoning module MessageLog (199)
[2022.07.27-07.18.59:490][288]LogModuleManager: Shutting down and abandoning module SlateReflector (194)
[2022.07.27-07.18.59:493][288]LogModuleManager: Shutting down and abandoning module Slate (192)
[2022.07.27-07.18.59:493][288]LogModuleManager: Shutting down and abandoning module EditorStyle (190)
[2022.07.27-07.18.59:494][288]LogModuleManager: Shutting down and abandoning module MRMesh (188)
[2022.07.27-07.18.59:494][288]LogModuleManager: Shutting down and abandoning module SourceCodeAccess (186)
[2022.07.27-07.18.59:494][288]LogModuleManager: Shutting down and abandoning module HeadMountedDisplay (184)
[2022.07.27-07.18.59:494][288]LogModuleManager: Shutting down and abandoning module XAudio2 (182)
[2022.07.27-07.18.59:494][288]LogModuleManager: Shutting down and abandoning module Networking (180)
[2022.07.27-07.18.59:494][288]LogModuleManager: Shutting down and abandoning module Core (178)
[2022.07.27-07.18.59:494][288]LogModuleManager: Shutting down and abandoning module LevelSequence (176)
[2022.07.27-07.18.59:494][288]LogModuleManager: Shutting down and abandoning module KismetCompiler (174)
[2022.07.27-07.18.59:494][288]LogModuleManager: Shutting down and abandoning module MeshUtilities (172)
[2022.07.27-07.18.59:495][288]LogModuleManager: Shutting down and abandoning module MeshMergeUtilities (171)
[2022.07.27-07.18.59:495][288]LogModuleManager: Shutting down and abandoning module MeshReductionInterface (170)
[2022.07.27-07.18.59:495][288]LogModuleManager: Shutting down and abandoning module SimplygonSwarm (169)
[2022.07.27-07.18.59:495][288]LogModuleManager: Shutting down and abandoning module SimplygonMeshReduction (167)
[2022.07.27-07.18.59:495][288]LogModuleManager: Shutting down and abandoning module QuadricMeshReduction (165)
[2022.07.27-07.18.59:495][288]LogModuleManager: Shutting down and abandoning module MaterialBaking (161)
[2022.07.27-07.18.59:495][288]LogModuleManager: Shutting down and abandoning module DirectoryWatcher (157)
[2022.07.27-07.18.59:496][288]LogModuleManager: Shutting down and abandoning module DerivedDataCache (154)
[2022.07.27-07.18.59:598][288]LogDerivedDataCache: Shutdown
[2022.07.27-07.18.59:598][288]LogModuleManager: Shutting down and abandoning module XGEController (152)
[2022.07.27-07.18.59:598][288]LogModuleManager: Shutting down and abandoning module TargetPlatform (150)
[2022.07.27-07.18.59:598][288]LogModuleManager: Shutting down and abandoning module VulkanShaderFormat (149)
[2022.07.27-07.18.59:598][288]LogModuleManager: Shutting down and abandoning module ShaderFormatVectorVM (147)
[2022.07.27-07.18.59:598][288]LogModuleManager: Shutting down and abandoning module ShaderFormatOpenGL (145)
[2022.07.27-07.18.59:598][288]LogModuleManager: Shutting down and abandoning module ShaderFormatD3D (143)
[2022.07.27-07.18.59:598][288]LogModuleManager: Shutting down and abandoning module MetalShaderFormat (141)
[2022.07.27-07.18.59:598][288]LogModuleManager: Shutting down and abandoning module TextureFormatUncompressed (139)
[2022.07.27-07.18.59:598][288]LogModuleManager: Shutting down and abandoning module TextureFormatPVR (137)
[2022.07.27-07.18.59:598][288]LogModuleManager: Shutting down and abandoning module TextureFormatDXT (135)
[2022.07.27-07.18.59:598][288]LogModuleManager: Shutting down and abandoning module TextureFormatIntelISPCTexComp (133)
[2022.07.27-07.18.59:598][288]LogModuleManager: Shutting down and abandoning module TextureFormatASTC (131)
[2022.07.27-07.18.59:598][288]LogModuleManager: Shutting down and abandoning module ImageWrapper (130)
[2022.07.27-07.18.59:598][288]LogModuleManager: Shutting down and abandoning module TextureFormatAndroid (127)
[2022.07.27-07.18.59:598][288]LogModuleManager: Shutting down and abandoning module AudioFormatOpus (125)
[2022.07.27-07.18.59:598][288]LogModuleManager: Shutting down and abandoning module AudioFormatOgg (123)
[2022.07.27-07.18.59:598][288]LogModuleManager: Shutting down and abandoning module AudioFormatADPCM (121)
[2022.07.27-07.18.59:598][288]LogModuleManager: Shutting down and abandoning module LinuxTargetPlatform (119)
[2022.07.27-07.18.59:598][288]LogModuleManager: Shutting down and abandoning module LinuxServerTargetPlatform (117)
[2022.07.27-07.18.59:598][288]LogModuleManager: Shutting down and abandoning module LinuxNoEditorTargetPlatform (115)
[2022.07.27-07.18.59:598][288]LogModuleManager: Shutting down and abandoning module LinuxClientTargetPlatform (113)
[2022.07.27-07.18.59:598][288]LogModuleManager: Shutting down and abandoning module TVOSTargetPlatform (111)
[2022.07.27-07.18.59:598][288]LogModuleManager: Shutting down and abandoning module Messaging (109)
[2022.07.27-07.18.59:598][288]LogModuleManager: Shutting down and abandoning module IOSTargetPlatform (107)
[2022.07.27-07.18.59:598][288]LogModuleManager: Shutting down and abandoning module HTML5TargetPlatform (105)
[2022.07.27-07.18.59:598][288]LogModuleManager: Shutting down and abandoning module AndroidTargetPlatform (103)
[2022.07.27-07.18.59:598][288]LogModuleManager: Shutting down and abandoning module Android_PVRTCTargetPlatform (101)
[2022.07.27-07.18.59:598][288]LogModuleManager: Shutting down and abandoning module Android_MultiTargetPlatform (99)
[2022.07.27-07.18.59:598][288]LogModuleManager: Shutting down and abandoning module Android_ETC2TargetPlatform (97)
[2022.07.27-07.18.59:598][288]LogModuleManager: Shutting down and abandoning module Android_ETC1TargetPlatform (95)
[2022.07.27-07.18.59:598][288]LogModuleManager: Shutting down and abandoning module Android_ETC1aTargetPlatform (93)
[2022.07.27-07.18.59:598][288]LogModuleManager: Shutting down and abandoning module Android_DXTTargetPlatform (91)
[2022.07.27-07.18.59:598][288]LogModuleManager: Shutting down and abandoning module Android_ATCTargetPlatform (89)
[2022.07.27-07.18.59:598][288]LogModuleManager: Shutting down and abandoning module Android_ASTCTargetPlatform (87)
[2022.07.27-07.18.59:599][288]LogModuleManager: Shutting down and abandoning module WindowsTargetPlatform (85)
[2022.07.27-07.18.59:599][288]LogModuleManager: Shutting down and abandoning module WindowsServerTargetPlatform (83)
[2022.07.27-07.18.59:599][288]LogModuleManager: Shutting down and abandoning module WindowsNoEditorTargetPlatform (81)
[2022.07.27-07.18.59:599][288]LogModuleManager: Shutting down and abandoning module WindowsClientTargetPlatform (79)
[2022.07.27-07.18.59:599][288]LogModuleManager: Shutting down and abandoning module MacTargetPlatform (77)
[2022.07.27-07.18.59:599][288]LogModuleManager: Shutting down and abandoning module MacServerTargetPlatform (75)
[2022.07.27-07.18.59:599][288]LogModuleManager: Shutting down and abandoning module MacNoEditorTargetPlatform (73)
[2022.07.27-07.18.59:599][288]LogModuleManager: Shutting down and abandoning module MacClientTargetPlatform (71)
[2022.07.27-07.18.59:599][288]LogModuleManager: Shutting down and abandoning module AllDesktopTargetPlatform (69)
[2022.07.27-07.18.59:599][288]LogModuleManager: Shutting down and abandoning module InputCore (66)
[2022.07.27-07.18.59:599][288]LogModuleManager: Shutting down and abandoning module Settings (64)
[2022.07.27-07.18.59:599][288]LogModuleManager: Shutting down and abandoning module PhysXCooking (62)
[2022.07.27-07.18.59:599][288]LogModuleManager: Shutting down and abandoning module SteamVR (60)
[2022.07.27-07.18.59:599][288]LogModuleManager: Shutting down and abandoning module OculusHMD (58)
[2022.07.27-07.18.59:600][288]LogModuleManager: Shutting down and abandoning module ExampleDeviceProfileSelector (56)
[2022.07.27-07.18.59:600][288]LogModuleManager: Shutting down and abandoning module AppleARKit (54)
[2022.07.27-07.18.59:600][288]LogModuleManager: Shutting down and abandoning module AugmentedReality (51)
[2022.07.27-07.18.59:600][288]LogModuleManager: Shutting down and abandoning module OnlineBlueprintSupport (48)
[2022.07.27-07.18.59:600][288]LogModuleManager: Shutting down and abandoning module OnlineSubsystem (44)
[2022.07.27-07.18.59:601][288]LogModuleManager: Shutting down and abandoning module XMPP (43)
[2022.07.27-07.18.59:603][288]LogModuleManager: Shutting down and abandoning module HTTP (41)
[2022.07.27-07.18.59:603][288]LogHttp: Display: Http module shutting down, but needs to wait on 1 outstanding Http requests:
[2022.07.27-07.18.59:603][288]LogHttp: Display: 	verb=[POST] url=[https://datarouter.ol.epicgames.com/datarouter/api/v1/public/data?SessionID=%7BF78C36CD-41E2-3F86-023C-FBBA8D38EE0B%7D&AppID=UEEditor.Rocket.Release&AppVersion=4.19.2-4033788%2B%2B%2BUE4%2BRelease-4.19&UserID=29e2619b417d151ffe44998aab753686%7C22a49075c2d242b0aa5d84fd74c012ef%7C847ee009-ee3c-4b4b-94c5-69c21520e95d&AppEnvironment=datacollector-binary&UploadType=eteventstream] status=Processing
[2022.07.27-07.18.59:613][288]LogModuleManager: Shutting down and abandoning module SSL (40)
[2022.07.27-07.18.59:615][288]LogModuleManager: Shutting down and abandoning module AnimationModifiers (36)
[2022.07.27-07.18.59:615][288]LogModuleManager: Shutting down and abandoning module PropertyEditor (35)
[2022.07.27-07.18.59:616][288]LogModuleManager: Shutting down and abandoning module AudioEditor (32)
[2022.07.27-07.18.59:619][288]LogModuleManager: Shutting down and abandoning module TextureCompressor (30)
[2022.07.27-07.18.59:621][288]LogModuleManager: Shutting down and abandoning module ShaderCore (28)
[2022.07.27-07.18.59:621][288]LogModuleManager: Shutting down and abandoning module Landscape (26)
[2022.07.27-07.18.59:621][288]LogModuleManager: Shutting down and abandoning module SlateRHIRenderer (24)
[2022.07.27-07.18.59:626][288]LogModuleManager: Shutting down and abandoning module OpenGLDrv (22)
[2022.07.27-07.18.59:626][288]LogModuleManager: Shutting down and abandoning module D3D11RHI (20)
[2022.07.27-07.18.59:626][288]LogModuleManager: Shutting down and abandoning module AnimGraphRuntime (18)
[2022.07.27-07.18.59:627][288]LogModuleManager: Shutting down and abandoning module Renderer (16)
[2022.07.27-07.18.59:627][288]LogModuleManager: Shutting down and abandoning module Engine (14)
[2022.07.27-07.18.59:627][288]LogModuleManager: Shutting down and abandoning module CoreUObject (12)
[2022.07.27-07.18.59:627][288]LogModuleManager: Shutting down and abandoning module NetworkFile (10)
[2022.07.27-07.18.59:627][288]LogModuleManager: Shutting down and abandoning module CookedIterativeFile (8)
[2022.07.27-07.18.59:627][288]LogModuleManager: Shutting down and abandoning module StreamingFile (6)
[2022.07.27-07.18.59:627][288]LogModuleManager: Shutting down and abandoning module SandboxFile (4)
[2022.07.27-07.18.59:627][288]LogModuleManager: Shutting down and abandoning module PakFile (2)
[2022.07.27-07.18.59:640][288]LogExit: Exiting.
[2022.07.27-07.18.59:652][288]Log file closed, 07/27/22 16:18:59
